1611120833255:help
1611120843406:displayReceiveMessage akhil
1611120854574:display-receive-message akhil
1611124055859:help
1611124061539:echo 1
1611124064607:print 1
1611124065895:eho
1611124068158:help
1611124081105:history
1611124085121:clear
1611124089151:cl
1611125849434:help
1611137107395:send "Hey Buddy, how are you doing?"
1611137123204:stacktrace
1611137293915:send "Hi, there!"
1611137389094:send "Hi"
1611137503859:send "Hi buddy, how are you doing?"
1611137569816:send "I am doing good, thanks for asking !!!"
1611137618193:send "Where are you right now?"
1611137859623:send "Hi guys, how are you all doing?"
1611137900481:send "Thanks for asking server 11 ... I am doing pretty well... Where are you right now ?"
1611138021233:send "Boys, I have also joined the chat!!!"
1611138099229:send "Boys is this a new thing?"
1611138120198:send "Kind of, started last year.. "
1611233786704:hey server9, have you been ?
1611233800388:send "hey server9, how have you been?"
1611233958766:send "is anyone still here"?
1611233973457:send "is anyone still here?"
1611234267858:send "is anyone back?"
1611234291692:send "Hey buddy, i amhere only??"
1611234300854:send "How can i get the past messages ?"
